JPEGsnoop version [1.7.4 (beta 3)]
-----
OS: PlatformId = 2
OS: MajorVersion = 6
OS: MinorVersion = 1
OS: BuildNumber = 7601
OS: OSVersionInfoSize = 276


CJPEGsnoopApp::CJPEGsnoopApp() Checkpoint 1
CJPEGsnoopApp::CJPEGsnoopApp() Checkpoint 2
CJPEGsnoopApp::CJPEGsnoopApp() End
CJPEGsnoopApp::InitInstance() Start
CJPEGsnoopApp::InitInstance() Checkpoint 1
CJPEGsnoopApp::InitInstance() Checkpoint 2
CJPEGsnoopApp::InitInstance() Checkpoint 3
CJPEGsnoopApp::InitInstance() Checkpoint 4
CJPEGsnoopApp::InitInstance() Checkpoint 5
CJPEGsnoopApp::InitInstance() Checkpoint 6
CJPEGsnoopApp::InitInstance() Checkpoint 7
CJPEGsnoopApp::InitInstance() Checkpoint 8
CJPEGsnoopApp::InitInstance() Checkpoint 9
CJPEGsnoopApp::InitInstance() Checkpoint 10
CJPEGsnoopApp::InitInstance() Checkpoint 11
CJPEGsnoopApp::InitInstance() Checkpoint 12
CJPEGsnoopDoc::CJPEGsnoopDoc() Begin
CJPEGsnoopDoc::CJPEGsnoopDoc() Checkpoint 1
CJPEGsnoopDoc::CJPEGsnoopDoc() Checkpoint 2
CimgDecode::CimgDecode() Begin
CimgDecode::CimgDecode() Checkpoint 1
CimgDecode::CimgDecode() Checkpoint 2
CimgDecode::CimgDecode() Checkpoint 3
CimgDecode::CimgDecode() Checkpoint 4
CimgDecode::CimgDecode() Checkpoint 5
CimgDecode::CimgDecode() Checkpoint 6
CimgDecode::CimgDecode() Checkpoint 7
CimgDecode::CimgDecode() Checkpoint 8
CimgDecode::CimgDecode() End
CJPEGsnoopDoc::CJPEGsnoopDoc() Checkpoint 3
CjfifDecode::CjfifDecode() Begin
CjfifDecode::CjfifDecode() Checkpoint 1
CjfifDecode::CjfifDecode() Checkpoint 2
CjfifDecode::CjfifDecode() Checkpoint 3
CjfifDecode::CjfifDecode() Checkpoint 4
CjfifDecode::CjfifDecode() End
CJPEGsnoopDoc::CJPEGsnoopDoc() Checkpoint 4
CJPEGsnoopDoc::CJPEGsnoopDoc() Checkpoint 5
CJPEGsnoopDoc::CJPEGsnoopDoc() End
CJPEGsnoopDoc::OnNewDocument() Start
CJPEGsnoopDoc::OnNewDocument() End
CJPEGsnoopApp::InitInstance() Checkpoint 13
CJPEGsnoopDoc::OnNewDocument() Start
CJPEGsnoopDoc::OnNewDocument() End
CJPEGsnoopApp::InitInstance() Checkpoint 14
CJPEGsnoopApp::InitInstance() Checkpoint 18
CJPEGsnoopApp::InitInstance() Checkpoint 20
CJPEGsnoopApp::InitInstance() Checkpoint 21
CJPEGsnoopApp::InitInstance() End
CJPEGsnoopApp::~CJPEGsnoopApp() Start
CJPEGsnoopApp::~CJPEGsnoopApp() About to destroy Config
